#
# There is insufficient memory for the Java Runtime Environment to continue.
# Native memory allocation (mmap) failed to map 201326592 bytes for G1 virtual space
# Possible reasons:
#   The system is out of physical RAM or swap space
#   The process is running with CompressedOops enabled, and the Java Heap may be blocking the growth of the native heap
# Possible solutions:
#   Reduce memory load on the system
#   Increase physical memory or swap space
#   Check if swap backing store is full
#   Decrease Java heap size (-Xmx/-Xms)
#   Decrease number of Java threads
#   Decrease Java thread stack sizes (-Xss)
#   Set larger code cache with -XX:ReservedCodeCacheSize=
#   JVM is running with Zero Based Compressed Oops mode in which the Java heap is
#     placed in the first 32GB address space. The Java Heap base address is the
#     maximum limit for the native heap growth. Please use -XX:HeapBaseMinAddress
#     to set the Java Heap base and to place the Java Heap above 32GB virtual address.
# This output file may be truncated or incomplete.
#
#  Out of Memory Error (os_windows.cpp:3469), pid=10932, tid=24792
#
# JRE version:  (17.0+35) (build )
# Java VM: Java HotSpot(TM) 64-Bit Server VM (17+35-LTS-2724, mixed mode, sharing, tiered, compressed oops, compressed class ptrs, g1 gc, windows-amd64)
# No core dump will be written. Minidumps are not enabled by default on client versions of Windows
#

---------------  S U M M A R Y ------------

Command Line: -Dfile.encoding=Cp1252 -XX:+ShowCodeDetailsInExceptionMessages Main

Host: Intel(R) Core(TM) i5-3317U CPU @ 1.70GHz, 4 cores, 11G,  Windows 10 , 64 bit Build 19041 (10.0.19041.1348)
Time: Sun Nov 21 13:50:15 2021 Hora Padrão de Greenwich elapsed time: 0.022424 seconds (0d 0h 0m 0s)

---------------  T H R E A D  ---------------

Current thread (0x0000028367b5e650):  JavaThread "Unknown thread" [_thread_in_vm, id=24792, stack(0x0000009909c00000,0x0000009909d00000)]

Stack: [0x0000009909c00000,0x0000009909d00000]
Native frames: (J=compiled Java code, j=interpreted, Vv=VM code, C=native code)
V  [jvm.dll+0x66f8ea]
V  [jvm.dll+0x7ce224]
V  [jvm.dll+0x7cf9ce]
V  [jvm.dll+0x7d0033]
V  [jvm.dll+0x242bb5]
V  [jvm.dll+0x66c909]
V  [jvm.dll+0x6613d2]
V  [jvm.dll+0x30082b]
V  [jvm.dll+0x307db6]
V  [jvm.dll+0x357a0e]
V  [jvm.dll+0x357c3f]
V  [jvm.dll+0x2d7ae8]
V  [jvm.dll+0x2d8a54]
V  [jvm.dll+0x7a00a1]
V  [jvm.dll+0x365781]
V  [jvm.dll+0x77f59c]
V  [jvm.dll+0x3e805f]
V  [jvm.dll+0x3e9b01]
C  [jli.dll+0x527b]
C  [ucrtbase.dll+0x21bb2]
C  [KERNEL32.DLL+0x17034]
C  [ntdll.dll+0x52651]


---------------  P R O C E S S  ---------------

Threads class SMR info:
_java_thread_list=0x00007ff970b97818, length=0, elements={
}

Java Threads: ( => current thread )

Other Threads:
  0x0000028367b9f050 GCTaskThread "GC Thread#0" [stack: 0x0000009909d00000,0x0000009909e00000] [id=18648]
  0x0000028367bac480 ConcurrentGCThread "G1 Main Marker" [stack: 0x0000009909e00000,0x0000009909f00000] [id=23616]
  0x0000028367bacda0 ConcurrentGCThread "G1 Conc#0" [stack: 0x0000009909f00000,0x000000990a000000] [id=3384]

[error occurred during error reporting (printing all threads), id 0xc0000005, EXCEPTION_ACCESS_VIOLATION (0xc0000005) at pc=0x00007ff9703e84c7]

VM state: not at safepoint (not fully initialized)

VM Mutex/Monitor currently owned by a thread:  ([mutex/lock_event])
[0x0000028367b5a4d0] Heap_lock - owner thread: 0x0000028367b5e650

Heap address: 0x0000000741c00000, size: 3044 MB, Compressed Oops mode: Zero based, Oop shift amount: 3

CDS archive(s) mapped at: [0x0000000000000000-0x0000000000000000-0x0000000000000000), size 0, SharedBaseAddress: 0x0000000800000000, ArchiveRelocationMode: 0.
Narrow klass base: 0x0000000000000000, Narrow klass shift: 0, Narrow klass range: 0x0

GC Precious Log:
<Empty>

Heap:
 garbage-first heap   total 0K, used 0K [0x0000000741c00000, 0x0000000800000000)
  region size 2048K, 0 young (0K), 0 survivors (0K)

[error occurred during error reporting (printing heap information), id 0xc0000005, EXCEPTION_ACCESS_VIOLATION (0xc0000005) at pc=0x00007ff9707c8c59]

GC Heap History (0 events):
No events

Deoptimization events (0 events):
No events

Classes unloaded (0 events):
No events

Classes redefined (0 events):
No events

Internal exceptions (0 events):
No events

VM Operations (0 events):
No events

Events (1 events):
Event: 0.016 Loaded shared library C:\Program Files\Java\jdk-17\bin\java.dll


Dynamic libraries:
0x00007ff79efb0000 - 0x00007ff79efc0000 	C:\Program Files\Java\jdk-17\bin\javaw.exe
0x00007ff9bfe90000 - 0x00007ff9c0085000 	C:\Windows\SYSTEM32\ntdll.dll
0x00007ff9be590000 - 0x00007ff9be64e000 	C:\Windows\System32\KERNEL32.DLL
0x00007ff9bd8e0000 - 0x00007ff9bdba8000 	C:\Windows\System32\KERNELBASE.dll
0x00007ff9bd6a0000 - 0x00007ff9bd7a0000 	C:\Windows\System32\ucrtbase.dll
0x00007ff9b70e0000 - 0x00007ff9b70f8000 	C:\Program Files\Java\jdk-17\bin\jli.dll
0x00007ff9bf420000 - 0x00007ff9bf4cc000 	C:\Windows\System32\ADVAPI32.dll
0x00007ff9be210000 - 0x00007ff9be2ae000 	C:\Windows\System32\msvcrt.dll
0x00007ff9bf6c0000 - 0x00007ff9bf75b000 	C:\Windows\System32\sechost.dll
0x00007ff9bfc70000 - 0x00007ff9bfd9a000 	C:\Windows\System32\RPCRT4.dll
0x00007ff9bdee0000 - 0x00007ff9be081000 	C:\Windows\System32\USER32.dll
0x00007ff9bd8b0000 - 0x00007ff9bd8d2000 	C:\Windows\System32\win32u.dll
0x00007ff9bfb70000 - 0x00007ff9bfb9b000 	C:\Windows\System32\GDI32.dll
0x00007ff9bd7a0000 - 0x00007ff9bd8ab000 	C:\Windows\System32\gdi32full.dll
0x00007ff9bdbe0000 - 0x00007ff9bdc7d000 	C:\Windows\System32\msvcp_win.dll
0x00007ff9a9fc0000 - 0x00007ff9a9fda000 	C:\Program Files\Java\jdk-17\bin\VCRUNTIME140.dll
0x00007ff9aefd0000 - 0x00007ff9af26a000 	C:\Windows\WinSxS\amd64_microsoft.windows.common-controls_6595b64144ccf1df_6.0.19041.1110_none_60b5254171f9507e\COMCTL32.dll
0x00007ff9b4620000 - 0x00007ff9b462a000 	C:\Windows\SYSTEM32\VERSION.dll
0x00007ff9be0a0000 - 0x00007ff9be0d0000 	C:\Windows\System32\IMM32.DLL
0x00007ff9b8810000 - 0x00007ff9b881c000 	C:\Program Files\Java\jdk-17\bin\vcruntime140_1.dll
0x00007ff9a8380000 - 0x00007ff9a840d000 	C:\Program Files\Java\jdk-17\bin\msvcp140.dll
0x00007ff970100000 - 0x00007ff970cbe000 	C:\Program Files\Java\jdk-17\bin\server\jvm.dll
0x00007ff9be090000 - 0x00007ff9be098000 	C:\Windows\System32\PSAPI.DLL
0x00007ff9aaaf0000 - 0x00007ff9aaaf9000 	C:\Windows\SYSTEM32\WSOCK32.dll
0x00007ff9be650000 - 0x00007ff9be6bb000 	C:\Windows\System32\WS2_32.dll
0x00007ff9adb40000 - 0x00007ff9adb67000 	C:\Windows\SYSTEM32\WINMM.dll
0x00007ff9bb4b0000 - 0x00007ff9bb4c2000 	C:\Windows\SYSTEM32\kernel.appcore.dll
0x00007ff9aaa50000 - 0x00007ff9aaa5a000 	C:\Program Files\Java\jdk-17\bin\jimage.dll
0x00007ff9b6d60000 - 0x00007ff9b6f44000 	C:\Windows\SYSTEM32\DBGHELP.DLL
0x00007ff9b69a0000 - 0x00007ff9b69cc000 	C:\Windows\SYSTEM32\dbgcore.DLL
0x00007ff9bd610000 - 0x00007ff9bd693000 	C:\Windows\System32\bcryptPrimitives.dll
0x00007ff9a9dd0000 - 0x00007ff9a9df5000 	C:\Program Files\Java\jdk-17\bin\java.dll

dbghelp: loaded successfully - version: 4.0.5 - missing functions: none
symbol engine: initialized successfully - sym options: 0x614 - pdb path: .;C:\Program Files\Java\jdk-17\bin;C:\Windows\SYSTEM32;C:\Windows\WinSxS\amd64_microsoft.windows.common-controls_6595b64144ccf1df_6.0.19041.1110_none_60b5254171f9507e;C:\Program Files\Java\jdk-17\bin\server

VM Arguments:
jvm_args: -Dfile.encoding=Cp1252 -XX:+ShowCodeDetailsInExceptionMessages 
java_command: Main
java_class_path (initial): C:\Users\jfrib\eclipse-workspace\1projetoip\bin
Launcher Type: SUN_STANDARD

[Global flags]
     intx CICompilerCount                          = 3                                         {product} {ergonomic}
     uint ConcGCThreads                            = 1                                         {product} {ergonomic}
     uint G1ConcRefinementThreads                  = 4                                         {product} {ergonomic}
   size_t G1HeapRegionSize                         = 2097152                                   {product} {ergonomic}
    uintx GCDrainStackTargetSize                   = 64                                        {product} {ergonomic}
   size_t InitialHeapSize                          = 201326592                                 {product} {ergonomic}
   size_t MarkStackSize                            = 4194304                                   {product} {ergonomic}
   size_t MaxHeapSize                              = 3191865344                                {product} {ergonomic}
   size_t MinHeapDeltaBytes                        = 2097152                                   {product} {ergonomic}
   size_t MinHeapSize                              = 8388608                                   {product} {ergonomic}
    uintx NonNMethodCodeHeapSize                   = 5832780                                {pd product} {ergonomic}
    uintx NonProfiledCodeHeapSize                  = 122912730                              {pd product} {ergonomic}
    uintx ProfiledCodeHeapSize                     = 122912730                              {pd product} {ergonomic}
    uintx ReservedCodeCacheSize                    = 251658240                              {pd product} {ergonomic}
     bool SegmentedCodeCache                       = true                                      {product} {ergonomic}
     bool ShowCodeDetailsInExceptionMessages       = true                                   {manageable} {command line}
   size_t SoftMaxHeapSize                          = 3191865344                             {manageable} {ergonomic}
     bool UseCompressedClassPointers               = true                           {product lp64_product} {ergonomic}
     bool UseCompressedOops                        = true                           {product lp64_product} {ergonomic}
     bool UseG1GC                                  = true                                      {product} {ergonomic}
     bool UseLargePagesIndividualAllocation        = false                                  {pd product} {ergonomic}

Logging:
Log output configuration:
 #0: stdout all=warning uptime,level,tags
 #1: stderr all=off uptime,level,tags

Environment Variables:
PATH=C:\Program Files\Common Files\Oracle\Java\javapath;C:\Windows\system32;C:\Windows;C:\Windows\System32\Wbem;C:\Windows\System32\WindowsPowerShell\v1.0\;C:\Windows\System32\OpenSSH\;C:\Program Files\dotnet\;C:\Program Files\Microsoft SQL Server\130\Tools\Binn\;C:\Program Files\Microsoft SQL Server\Client SDK\ODBC\170\Tools\Binn\;C:\Program Files\nodejs\;C:\Users\jfrib\AppData\Local\Microsoft\WindowsApps;C:\Users\jfrib\.dotnet\tools;C:\Users\jfrib\AppData\Local\Programs\Microsoft VS Code\bin;C:\Users\jfrib\AppData\Roaming\npm
USERNAME=jfrib
OS=Windows_NT
PROCESSOR_IDENTIFIER=Intel64 Family 6 Model 58 Stepping 9, GenuineIntel



---------------  S Y S T E M  ---------------

OS:
 Windows 10 , 64 bit Build 19041 (10.0.19041.1348)
OS uptime: 7 days 23:15 hours

CPU: total 4 (initial active 4) (2 cores per cpu, 2 threads per core) family 6 model 58 stepping 9 microcode 0x21, cx8, cmov, fxsr, ht, mmx, sse, sse2, sse3, ssse3, sse4.1, sse4.2, popcnt, tsc, tscinvbit, avx, aes, erms, clmul, vzeroupper, clflush

Memory: 4k page, system-wide physical 12173M (6705M free)
TotalPageFile size 40712M (AvailPageFile size 104M)
current process WorkingSet (physical memory assigned to process): 10M, peak: 10M
current process commit charge ("private bytes"): 51M, peak: 243M

vm_info: Java HotSpot(TM) 64-Bit Server VM (17+35-LTS-2724) for windows-amd64 JRE (17+35-LTS-2724), built on Aug  5 2021 23:28:28 by "mach5one" with MS VC++ 16.8 (VS2019)

END.
